Arguments: 
  C:\Program Files\nodejs\node.exe C:\Program Files (x86)\Yarn\bin\yarn.js add http-server

PATH: 
  C:\WINDOWS\system32;C:\WINDOWS;C:\WINDOWS\System32\Wbem;C:\WINDOWS\System32\WindowsPowerShell\v1.0\;C:\Program Files\TortoiseSVN\bin;C:\WINDOWS\idmu\common;c:\Program Files (x86)\Microsoft SQL Server\100\Tools\Binn\;c:\Program Files\Microsoft SQL Server\100\Tools\Binn\;c:\Program Files\Microsoft SQL Server\100\DTS\Binn\;C:\Program Files\Microsoft SQL Server\110\Tools\Binn\;C:\Program Files (x86)\Microsoft SDKs\TypeScript\1.0\;C:\Program Files\Microsoft SQL Server\120\Tools\Binn\;c:\mongodb\bin;C:\PSSUPPORT\PathScripts;C:\Program Files\AppSense\Application Manager\Agent\Plugins\EcaRulesEngine\;C:\wamp\bin\php\php5.5.12;C:\Program Files\Microsoft SQL Server\130\Tools\Binn\;C:\Program Files (x86)\Microsoft Emulator Manager\1.0\;C:\Program Files\Git\cmd;C:\Program Files\dotnet\;C:\Program Files\Git\usr\bin\;C:\wamp64\bin\php\php7.0.10;C:\Program Files\nodejs\;C:\mongodb\binC:\Program Files\nodejs\node_modules\npm\bin;C:\Users\1881531\AppData\Roaming\npm;C:\Program Files (x86)\Yarn\bin\;C:\Users\1881531\AppData\Local\Yarn\bin

Yarn version: 
  1.6.0

Node version: 
  8.8.1

Platform: 
  win32 x64

Trace: 
  Error: https://registry.yarnpkg.com/http-server: tunneling socket could not be established, cause=connect ECONNREFUSED 127.0.0.1:8888
      at ClientRequest.onError (C:\Program Files (x86)\Yarn\lib\cli.js:147045:17)
      at Object.onceWrapper (events.js:314:30)
      at emitOne (events.js:115:13)
      at ClientRequest.emit (events.js:210:7)
      at Socket.socketErrorListener (_http_client.js:385:9)
      at emitOne (events.js:115:13)
      at Socket.emit (events.js:210:7)
      at emitErrorNT (internal/streams/destroy.js:64:8)
      at _combinedTickCallback (internal/process/next_tick.js:138:11)
      at process._tickCallback (internal/process/next_tick.js:180:9)

npm manifest: 
  {
    "name": "simple",
    "version": "1.0.0",
    "description": "single page wite",
    "main": "index.js",
    "author": "Dibs",
    "license": "MIT"
  }

yarn manifest: 
  No manifest

Lockfile: 
  No lockfile
